[debug] [2021-04-25T10:36:45.735Z] ----------------------------------------------------------------------
[debug] [2021-04-25T10:36:45.750Z] Command:       /usr/local/bin/node /usr/local/bin/firebase login
[debug] [2021-04-25T10:36:45.752Z] CLI Version:   9.10.0
[debug] [2021-04-25T10:36:45.752Z] Platform:      linux
[debug] [2021-04-25T10:36:45.752Z] Node Version:  v10.15.3
[debug] [2021-04-25T10:36:45.753Z] Time:          Sun Apr 25 2021 10:36:45 GMT+0000 (Coordinated Universal Time)
[debug] [2021-04-25T10:36:45.753Z] ----------------------------------------------------------------------
[debug] 
[debug] [2021-04-25T10:36:45.760Z] >>> [apiv2][query] GET https://firebase-public.firebaseio.com/cli.json [none]
[info] i  Firebase optionally collects CLI usage and error reporting information to help improve our products. Data is collected in accordance with Google's privacy policy (https://policies.google.com/privacy) and is not used to identify you.
 
[debug] [2021-04-25T10:36:46.557Z] <<< [apiv2][status] GET https://firebase-public.firebaseio.com/cli.json 200
[debug] [2021-04-25T10:36:46.562Z] <<< [apiv2][body] GET https://firebase-public.firebaseio.com/cli.json {"cloudBuildErrorAfter":1594252800000,"cloudBuildWarnAfter":1590019200000,"defaultNode10After":1594252800000,"minVersion":"3.0.5","node8DeploysDisabledAfter":1613390400000,"node8RuntimeDisabledAfter":1615809600000,"node8WarnAfter":1600128000000}
[debug] [2021-04-25T10:52:25.937Z] ----------------------------------------------------------------------
[debug] [2021-04-25T10:52:25.944Z] Command:       /usr/local/bin/node /usr/local/bin/firebase login
[debug] [2021-04-25T10:52:25.945Z] CLI Version:   9.10.0
[debug] [2021-04-25T10:52:25.945Z] Platform:      linux
[debug] [2021-04-25T10:52:25.945Z] Node Version:  v10.15.3
[debug] [2021-04-25T10:52:25.946Z] Time:          Sun Apr 25 2021 10:52:25 GMT+0000 (Coordinated Universal Time)
[debug] [2021-04-25T10:52:25.946Z] ----------------------------------------------------------------------
[debug] 
[debug] [2021-04-25T10:52:25.951Z] >>> [apiv2][query] GET https://firebase-public.firebaseio.com/cli.json [none]
[info] i  Firebase optionally collects CLI usage and error reporting information to help improve our products. Data is collected in accordance with Google's privacy policy (https://policies.google.com/privacy) and is not used to identify you.
 
[debug] [2021-04-25T10:52:26.519Z] <<< [apiv2][status] GET https://firebase-public.firebaseio.com/cli.json 200
[debug] [2021-04-25T10:52:26.521Z] <<< [apiv2][body] GET https://firebase-public.firebaseio.com/cli.json {"cloudBuildErrorAfter":1594252800000,"cloudBuildWarnAfter":1590019200000,"defaultNode10After":1594252800000,"minVersion":"3.0.5","node8DeploysDisabledAfter":1613390400000,"node8RuntimeDisabledAfter":1615809600000,"node8WarnAfter":1600128000000}
